#
# A fatal error has been detected by the Java Runtime Environment:
#
#  SIGSEGV (0xb) at pc=0x00007f4bdffa017a, pid=32458, tid=139962756679424
#
# JRE version: OpenJDK Runtime Environment (7.0_95) (build 1.7.0_95-b00)
# Java VM: OpenJDK 64-Bit Server VM (24.95-b01 mixed mode linux-amd64 compressed oops)
# Derivative: IcedTea 2.6.4
# Distribution: Ubuntu Xenial Xerus (development branch), package 7u95-2.6.4-3
# Problematic frame:
# v  ~BufferBlob::jni_fast_GetLongField
#
# Failed to write core dump. Core dumps have been disabled. To enable core dumping, try "ulimit -c unlimited" before starting Java again
#
# If you would like to submit a bug report, please include
# instructions on how to reproduce the bug and visit:
#   http://icedtea.classpath.org/bugzilla
# The crash happened outside the Java Virtual Machine in native code.
# See problematic frame for where to report the bug.
#

---------------  T H R E A D  ---------------

Current thread (0x00007f4be423d000):  JavaThread "AWT-XAWT" daemon [_thread_in_native, id=32488, stack(0x00007f4b9e54c000,0x00007f4b9e64d000)]

siginfo:si_signo=SIGSEGV: si_errno=0, si_code=1 (SEGV_MAPERR), si_addr=0x0000000000000000

Registers:
RAX=0x00007f4be9869040, RBX=0x00007f4be423d1d8, RCX=0x0000000000000000, RDX=0x0000000000000042
RSP=0x00007f4b9e64b848, RBP=0x00007f4b9e64b870, RSI=0x0000000000000000, RDI=0x00007f4be423d1d8
R8 =0x0000000000000005, R9 =0x0000000000000000, R10=0x0000000000000036, R11=0x00007f4be9317860
R12=0x00007f4b84013d10, R13=0x0000000000000000, R14=0x00007f4ba77b8d20, R15=0x00007f4be423d000
RIP=0x00007f4bdffa017a, EFLAGS=0x0000000000010246, CSGSFS=0x0000000000000033, ERR=0x0000000000000004
  TRAPNO=0x000000000000000e

Top of Stack: (sp=0x00007f4b9e64b848)
0x00007f4b9e64b848:   00007f4ba7589c74 0000000089e4e498
0x00007f4b9e64b858:   00007f4b84013d10 0000000089e4e498
0x00007f4b9e64b868:   00007f4b9e64b960 0000000000000000
0x00007f4b9e64b878:   00007f4ba70793c0 0000000089e4e498
0x00007f4b9e64b888:   00007f4b9e64b8b0 0000000000000000
0x00007f4b9e64b898:   00007f4ba7070f93 0000000089e4e498
0x00007f4b9e64b8a8:   00007f4ba757e20f 00007f4b9e64b928
0x00007f4b9e64b8b8:   00007f4bdff57758 0000000000000000
0x00007f4b9e64b8c8:   00000000dc19ece0 00000000dc19f120
0x00007f4b9e64b8d8:   00007f4b9e64b8d8 000000008a31089e
0x00007f4b9e64b8e8:   00007f4b9e64b8e8 0000000000000000
0x00007f4b9e64b8f8:   00007f4b9e64b960 0000000089e54620
0x00007f4b9e64b908:   0000000000000000 0000000089e4e498
0x00007f4b9e64b918:   0000000000000000 00007f4b9e64b970
0x00007f4b9e64b928:   00000000dc124880 00007f4bdfffb2d8
0x00007f4b9e64b938:   00000000dc12f690 00007f4bdff53cc0
0x00007f4b9e64b948:   0000000000000000 0000000000000001
0x00007f4b9e64b958:   00007f4b90000db0 00000000dc124880
0x00007f4b9e64b968:   00007f4bdfffb2d8 00000000dc180828
0x00007f4b9e64b978:   00000000dcb7df10 0000000100000000
0x00007f4b9e64b988:   00000000dc181168 00000000dcb7df48
0x00007f4b9e64b998:   00000000dcb7df10 00000000dc19ece0
0x00007f4b9e64b9a8:   00000000dc19ecf0 0000000000000000
0x00007f4b9e64b9b8:   0000000000000000 0000000000000001
0x00007f4b9e64b9c8:   0000000000000000 00007f4b9e64ba30
0x00007f4b9e64b9d8:   00007f4bdff4b058 deaddeaf00000000
0x00007f4b9e64b9e8:   00000000dc181168 00007f4b9e64b9f0
0x00007f4b9e64b9f8:   0000000089fa7c4d 00007f4b9e64ba40
0x00007f4b9e64ba08:   0000000089fb4b30 0000000000000000
0x00007f4b9e64ba18:   0000000089fa7c68 00007f4b9e64b9e0
0x00007f4b9e64ba28:   00007f4b9e64ba40 00007f4b9e64ba88
0x00007f4b9e64ba38:   00007f4bdff4b706 00000000dc181168 

Instructions: (pc=0x00007f4bdffa017a)
0x00007f4bdffa015a:   00 00 00 00 00 00 44 8b 15 ed 17 8f 09 4c 8b ce
0x00007f4bdffa016a:   41 f6 c2 01 0f 85 2e 00 00 00 4d 33 ca 4d 33 ca
0x00007f4bdffa017a:   4d 8b 09 4c 8b da 49 c1 eb 02 4b 8b 04 19 49 bb
0x00007f4bdffa018a:   54 19 89 e9 4b 7f 00 00 4c 33 d8 4c 33 d8 45 3b 

Register to memory mapping:

RAX=0x00007f4be9869040: <offset 0xdec040> in /usr/lib/jvm/java-7-openjdk-amd64/jre/lib/amd64/server/libjvm.so at 0x00007f4be8a7d000
RBX=0x00007f4be423d1d8 is an unknown value
RCX=0x0000000000000000 is an unknown value
RDX=0x0000000000000042 is an unknown value
RSP=0x00007f4b9e64b848 is pointing into the stack for thread: 0x00007f4be423d000
RBP=0x00007f4b9e64b870 is pointing into the stack for thread: 0x00007f4be423d000
RSI=0x0000000000000000 is an unknown value
RDI=0x00007f4be423d1d8 is an unknown value
R8 =0x0000000000000005 is an unknown value
R9 =0x0000000000000000 is an unknown value
R10=0x0000000000000036 is an unknown value
R11=0x00007f4be9317860: <offset 0x89a860> in /usr/lib/jvm/java-7-openjdk-amd64/jre/lib/amd64/server/libjvm.so at 0x00007f4be8a7d000
R12=0x00007f4b84013d10 is an unknown value
R13=0x0000000000000000 is an unknown value
R14=0x00007f4ba77b8d20: <offset 0x24bd20> in /usr/lib/jvm/java-7-openjdk-amd64/jre/lib/amd64/xawt/libmawt.so at 0x00007f4ba756d000
R15=0x00007f4be423d000 is a thread


Stack: [0x00007f4b9e54c000,0x00007f4b9e64d000],  sp=0x00007f4b9e64b848,  free space=1022k
Native frames: (J=compiled Java code, j=interpreted, Vv=VM code, C=native code)
v  ~BufferBlob::jni_fast_GetLongField

Java frames: (J=compiled Java code, j=interpreted, Vv=VM code)
j  sun.awt.X11.XlibWrapper.XFilterEvent(JJ)Z+0
J 83% C2 sun.awt.X11.XToolkit.run(Z)V (410 bytes) @ 0x00007f4bdfffb2d8 [0x00007f4bdfffaac0+0x818]
j  sun.awt.X11.XToolkit.run()V+5
j  java.lang.Thread.run()V+11
v  ~StubRoutines::call_stub

---------------  P R O C E S S  ---------------

Java Threads: ( => current thread )
  0x00007f4be400a800 JavaThread "DestroyJavaVM" [_thread_blocked, id=32460, stack(0x00007f4bea5f6000,0x00007f4bea6f7000)]
  0x00007f4b84019800 JavaThread "TimerQueue" daemon [_thread_blocked, id=32501, stack(0x00007f4b9cc2c000,0x00007f4b9cd2d000)]
  0x00007f4b80002800 JavaThread "Thread-0" [_thread_in_native, id=32493, stack(0x00007f4b9d2a2000,0x00007f4b9daa3000)]
  0x00007f4b90001800 JavaThread "AWT-EventQueue-1" [_thread_blocked, id=32496, stack(0x00007f4b9d1a1000,0x00007f4b9d2a2000)]
  0x00007f4be425c000 JavaThread "AWT-EventQueue-0" [_thread_blocked, id=32492, stack(0x00007f4b9daa3000,0x00007f4b9dba4000)]
  0x00007f4be4258800 JavaThread "AWT-Shutdown" [_thread_blocked, id=32491, stack(0x00007f4b9dba4000,0x00007f4b9dca5000)]
=>0x00007f4be423d000 JavaThread "AWT-XAWT" daemon [_thread_in_native, id=32488, stack(0x00007f4b9e54c000,0x00007f4b9e64d000)]
  0x00007f4be4215000 JavaThread "Java2D Disposer" daemon [_thread_blocked, id=32487, stack(0x00007f4b9ea64000,0x00007f4b9eb65000)]
  0x00007f4be4166000 JavaThread "Monitor Ctrl-Break" daemon [_thread_in_native, id=32486, stack(0x00007f4bdd04c000,0x00007f4bdd14d000)]
  0x00007f4be40b1800 JavaThread "Service Thread" daemon [_thread_blocked, id=32482, stack(0x00007f4bdd4c9000,0x00007f4bdd5ca000)]
  0x00007f4be40af000 JavaThread "C2 CompilerThread1" daemon [_thread_blocked, id=32481, stack(0x00007f4bdd5ca000,0x00007f4bdd6cb000)]
  0x00007f4be40ac000 JavaThread "C2 CompilerThread0" daemon [_thread_blocked, id=32480, stack(0x00007f4bdd6cb000,0x00007f4bdd7cc000)]
  0x00007f4be40aa000 JavaThread "Signal Dispatcher" daemon [_thread_blocked, id=32476, stack(0x00007f4bdd7cc000,0x00007f4bdd8cd000)]
  0x00007f4be407c800 JavaThread "Finalizer" daemon [_thread_blocked, id=32473, stack(0x00007f4bddd5e000,0x00007f4bdde5f000)]
  0x00007f4be407a800 JavaThread "Reference Handler" daemon [_thread_blocked, id=32471, stack(0x00007f4bdde5f000,0x00007f4bddf60000)]

Other Threads:
  0x00007f4be4076000 VMThread [stack: 0x00007f4bddf60000,0x00007f4bde061000] [id=32470]
  0x00007f4be40bc800 WatcherThread [stack: 0x00007f4bdd3c8000,0x00007f4bdd4c9000] [id=32483]

VM state:not at safepoint (normal execution)

VM Mutex/Monitor currently owned by a thread: None

Heap
 PSYoungGen      total 32256K, used 12173K [0x00000000dc000000, 0x00000000de400000, 0x0000000100000000)
  eden space 27648K, 44% used [0x00000000dc000000,0x00000000dcbe3450,0x00000000ddb00000)
  from space 4608K, 0% used [0x00000000ddf80000,0x00000000ddf80000,0x00000000de400000)
  to   space 4608K, 0% used [0x00000000ddb00000,0x00000000ddb00000,0x00000000ddf80000)
 ParOldGen       total 73728K, used 0K [0x0000000094000000, 0x0000000098800000, 0x00000000dc000000)
  object space 73728K, 0% used [0x0000000094000000,0x0000000094000000,0x0000000098800000)
 PSPermGen       total 21504K, used 14229K [0x0000000089a00000, 0x000000008af00000, 0x0000000094000000)
  object space 21504K, 66% used [0x0000000089a00000,0x000000008a7e54d8,0x000000008af00000)

Card table byte_map: [0x00007f4bdfb91000,0x00007f4bdff45000] byte_map_base: 0x00007f4bdf744000

Polling page: 0x00007f4bea5f5000

Code Cache  [0x00007f4bdff45000, 0x00007f4be01b5000, 0x00007f4be2f45000)
 total_blobs=569 nmethods=88 adapters=435 free_code_cache=48414Kb largest_free_block=49548224

Compilation events (10 events):
Event: 10939.058 Thread 0x00007f4be40ac000   84             sun.awt.X11.XAtom::getAtom (5 bytes)
Event: 10939.059 Thread 0x00007f4be40ac000 nmethod 84 0x00007f4bdffe13d0 code [0x00007f4bdffe1500, 0x00007f4bdffe1558]
Event: 12379.577 Thread 0x00007f4be40af000   85             sun.awt.X11.XEvent::get_xany (22 bytes)
Event: 12379.579 Thread 0x00007f4be40ac000   86             sun.awt.X11.XAnyEvent::<init> (30 bytes)
Event: 12379.583 Thread 0x00007f4be40ac000 nmethod 86 0x00007f4bdffedb50 code [0x00007f4bdffedca0, 0x00007f4bdffede38]
Event: 12379.584 Thread 0x00007f4be40af000 nmethod 85 0x00007f4bdffeacd0 code [0x00007f4bdffeae60, 0x00007f4bdffeb178]
Event: 13488.356 Thread 0x00007f4be40ac000   87             sun.awt.X11.XDropTargetEventProcessor::doProcessEvent (221 bytes)
Event: 13488.392 Thread 0x00007f4be40ac000 nmethod 87 0x00007f4be0001890 code [0x00007f4be0001b80, 0x00007f4be0002850]
Event: 16006.983 Thread 0x00007f4be40af000   88             java.util.Vector$Itr::hasNext (20 bytes)
Event: 16006.984 Thread 0x00007f4be40af000 nmethod 88 0x00007f4bdffeb650 code [0x00007f4bdffeb780, 0x00007f4bdffeb7f8]

GC Heap History (0 events):
No events

Deoptimization events (10 events):
Event: 0.777 Thread 0x00007f4be400a800 Uncommon trap: reason=class_check action=maybe_recompile pc=0x00007f4bdffc6d20 method=java.util.Properties$LineReader.readLine()I @ 62
Event: 0.782 Thread 0x00007f4be400a800 Uncommon trap: reason=class_check action=maybe_recompile pc=0x00007f4bdffc6d20 method=java.util.Properties$LineReader.readLine()I @ 62
Event: 0.788 Thread 0x00007f4be400a800 Uncommon trap: reason=class_check action=maybe_recompile pc=0x00007f4bdffc6d20 method=java.util.Properties$LineReader.readLine()I @ 62
Event: 0.813 Thread 0x00007f4be400a800 Uncommon trap: reason=unstable_if action=reinterpret pc=0x00007f4bdffcc9d0 method=java.util.Properties$LineReader.readLine()I @ 369
Event: 1.454 Thread 0x00007f4b90001800 Uncommon trap: reason=class_check action=maybe_recompile pc=0x00007f4bdffc4120 method=java.lang.String.equals(Ljava/lang/Object;)Z @ 8
Event: 1.454 Thread 0x00007f4b90001800 Uncommon trap: reason=class_check action=maybe_recompile pc=0x00007f4bdffc4120 method=java.lang.String.equals(Ljava/lang/Object;)Z @ 8
Event: 1.495 Thread 0x00007f4b90001800 Uncommon trap: reason=class_check action=maybe_recompile pc=0x00007f4bdffc4120 method=java.lang.String.equals(Ljava/lang/Object;)Z @ 8
Event: 1.495 Thread 0x00007f4b90001800 Uncommon trap: reason=class_check action=maybe_recompile pc=0x00007f4bdffc4120 method=java.lang.String.equals(Ljava/lang/Object;)Z @ 8
Event: 10354.381 Thread 0x00007f4be423d000 Uncommon trap: reason=null_check action=make_not_entrant pc=0x00007f4bdfff3cf4 method=sun.awt.X11.XToolkit.dispatchEvent(Lsun/awt/X11/XEvent;)V @ 99
Event: 16597.207 Thread 0x00007f4be423d000 Uncommon trap: reason=unstable_if action=reinterpret pc=0x00007f4be00025b4 method=sun.awt.X11.XDropTargetEventProcessor.doProcessEvent(Lsun/awt/X11/XEvent;)Z @ 6

Internal exceptions (10 events):
Event: 0.332 Thread 0x00007f4be400a800 Threw 0x00000000dc15ed40 at /build/openjdk-7-hGnxiC/openjdk-7-7u95-2.6.4/build/openjdk/hotspot/src/share/vm/prims/jvm.cpp:1322
Event: 0.332 Thread 0x00007f4be400a800 Threw 0x00000000dc15ef68 at /build/openjdk-7-hGnxiC/openjdk-7-7u95-2.6.4/build/openjdk/hotspot/src/share/vm/prims/jvm.cpp:1322
Event: 0.332 Thread 0x00007f4be400a800 Threw 0x00000000dc15f968 at /build/openjdk-7-hGnxiC/openjdk-7-7u95-2.6.4/build/openjdk/hotspot/src/share/vm/prims/jvm.cpp:1322
Event: 0.332 Thread 0x00007f4be400a800 Threw 0x00000000dc15fb90 at /build/openjdk-7-hGnxiC/openjdk-7-7u95-2.6.4/build/openjdk/hotspot/src/share/vm/prims/jvm.cpp:1322
Event: 0.533 Thread 0x00007f4be400a800 Threw 0x00000000dc2a7a18 at /build/openjdk-7-hGnxiC/openjdk-7-7u95-2.6.4/build/openjdk/hotspot/src/share/vm/prims/jvm.cpp:1322
Event: 0.602 Thread 0x00007f4be400a800 Threw 0x00000000dc3e9e00 at /build/openjdk-7-hGnxiC/openjdk-7-7u95-2.6.4/build/openjdk/hotspot/src/share/vm/prims/jvm.cpp:1322
Event: 1.182 Thread 0x00007f4b90001800 Threw 0x00000000dc474178 at /build/openjdk-7-hGnxiC/openjdk-7-7u95-2.6.4/build/openjdk/hotspot/src/share/vm/prims/jni.cpp:747
Event: 4.069 Thread 0x00007f4b90001800 Threw 0x00000000dc4cf9c8 at /build/openjdk-7-hGnxiC/openjdk-7-7u95-2.6.4/build/openjdk/hotspot/src/share/vm/prims/jvm.cpp:1322
Event: 4.313 Thread 0x00007f4b90001800 Threw 0x00000000dc8ab5f0 at /build/openjdk-7-hGnxiC/openjdk-7-7u95-2.6.4/build/openjdk/hotspot/src/share/vm/prims/jni.cpp:747
Event: 10354.381 Thread 0x00007f4be423d000 Implicit null exception at 0x00007f4bdfff0dff to 0x00007f4bdfff3cdd

Events (10 events):
Event: 2583.934 loading class 0x00007f4bb0010390
Event: 2583.935 loading class 0x00007f4bb0010390 done
Event: 2583.935 loading class 0x00007f4bb0011510
Event: 2583.936 loading class 0x00007f4bb0011510 done
Event: 10354.381 Thread 0x00007f4be423d000 Uncommon trap: trap_request=0xfffffff4 fr.pc=0x00007f4bdfff3cf4
Event: 10354.381 Thread 0x00007f4be423d000 DEOPT PACKING pc=0x00007f4bdfff3cf4 sp=0x00007f4b9e64b960
Event: 10354.381 Thread 0x00007f4be423d000 DEOPT UNPACKING pc=0x00007f4bdff7e045 sp=0x00007f4b9e64b8b0 mode 2
Event: 16597.207 Thread 0x00007f4be423d000 Uncommon trap: trap_request=0xffffff75 fr.pc=0x00007f4be00025b4
Event: 16597.207 Thread 0x00007f4be423d000 DEOPT PACKING pc=0x00007f4be00025b4 sp=0x00007f4b9e64b900
Event: 16597.207 Thread 0x00007f4be423d000 DEOPT UNPACKING pc=0x00007f4bdff7e045 sp=0x00007f4b9e64b8c8 mode 2


Dynamic libraries:
00400000-00401000 r-xp 00000000 08:08 1326195                            /usr/lib/jvm/java-7-openjdk-amd64/jre/bin/java
00600000-00601000 r--p 00000000 08:08 1326195                            /usr/lib/jvm/java-7-openjdk-amd64/jre/bin/java
00601000-00602000 rw-p 00001000 08:08 1326195                            /usr/lib/jvm/java-7-openjdk-amd64/jre/bin/java
007ad000-007ce000 rw-p 00000000 00:00 0                                  [heap]
89a00000-8af00000 rw-p 00000000 00:00 0 
8af00000-94000000 rw-p 00000000 00:00 0 
94000000-98800000 rw-p 00000000 00:00 0 
98800000-dc000000 rw-p 00000000 00:00 0 
dc000000-de400000 rw-p 00000000 00:00 0 
de400000-100000000 rw-p 00000000 00:00 0 
7f4b78000000-7f4b78021000 rw-p 00000000 00:00 0 
7f4b78021000-7f4b7c000000 ---p 00000000 00:00 0 
7f4b7c000000-7f4b7c021000 rw-p 00000000 00:00 0 
7f4b7c021000-7f4b80000000 ---p 00000000 00:00 0 
7f4b80000000-7f4b80021000 rw-p 00000000 00:00 0 
7f4b80021000-7f4b84000000 ---p 00000000 00:00 0 
7f4b84000000-7f4b8406b000 rw-p 00000000 00:00 0 
7f4b8406b000-7f4b88000000 ---p 00000000 00:00 0 
7f4b88000000-7f4b88021000 rw-p 00000000 00:00 0 
7f4b88021000-7f4b8c000000 ---p 00000000 00:00 0 
7f4b8c000000-7f4b8c021000 rw-p 00000000 00:00 0 
7f4b8c021000-7f4b90000000 ---p 00000000 00:00 0 
7f4b90000000-7f4b90026000 rw-p 00000000 00:00 0 
7f4b90026000-7f4b94000000 ---p 00000000 00:00 0 
7f4b94000000-7f4b94021000 rw-p 00000000 00:00 0 
7f4b94021000-7f4b98000000 ---p 00000000 00:00 0 
7f4b98000000-7f4b98021000 rw-p 00000000 00:00 0 
7f4b98021000-7f4b9c000000 ---p 00000000 00:00 0 
7f4b9cb2b000-7f4b9cb2e000 ---p 00000000 00:00 0 
7f4b9cb2e000-7f4b9cc2c000 rw-p 00000000 00:00 0 
7f4b9cc2c000-7f4b9cc2f000 ---p 00000000 00:00 0 
7f4b9cc2f000-7f4b9cd2d000 rw-p 00000000 00:00 0 
7f4b9cd2d000-7f4b9cd3e000 r-xp 00000000 08:08 1326656                    /usr/lib/jvm/java-7-openjdk-amd64/jre/lib/amd64/libnio.so
7f4b9cd3e000-7f4b9cf3d000 ---p 00011000 08:08 1326656                    /usr/lib/jvm/java-7-openjdk-amd64/jre/lib/amd64/libnio.so
7f4b9cf3d000-7f4b9cf3e000 r--p 00010000 08:08 1326656                    /usr/lib/jvm/java-7-openjdk-amd64/jre/lib/amd64/libnio.so
7f4b9cf3e000-7f4b9cf3f000 rw-p 00011000 08:08 1326656                    /usr/lib/jvm/java-7-openjdk-amd64/jre/lib/amd64/libnio.so
7f4b9cf45000-7f4b9cf97000 r-xp 00000000 08:08 1326630                    /usr/lib/jvm/java-7-openjdk-amd64/jre/lib/amd64/libfontmanager.so
7f4b9cf97000-7f4b9d197000 ---p 00052000 08:08 1326630                    /usr/lib/jvm/java-7-openjdk-amd64/jre/lib/amd64/libfontmanager.so
7f4b9d197000-7f4b9d199000 r--p 00052000 08:08 1326630                    /usr/lib/jvm/java-7-openjdk-amd64/jre/lib/amd64/libfontmanager.so
7f4b9d199000-7f4b9d19a000 rw-p 00054000 08:08 1326630                    /usr/lib/jvm/java-7-openjdk-amd64/jre/lib/amd64/libfontmanager.so
7f4b9d1a1000-7f4b9d1a4000 ---p 00000000 00:00 0 
7f4b9d1a4000-7f4b9d2a2000 rw-p 00000000 00:00 0 
7f4b9d2a2000-7f4b9d2a5000 ---p 00000000 00:00 0 
7f4b9d2a5000-7f4b9daa3000 rw-p 00000000 00:00 0 
7f4b9daa3000-7f4b9daa6000 ---p 00000000 00:00 0 
7f4b9daa6000-7f4b9dba4000 rw-p 00000000 00:00 0 
7f4b9dba4000-7f4b9dba7000 ---p 00000000 00:00 0 
7f4b9dba7000-7f4b9dca5000 rw-p 00000000 00:00 0 
7f4b9dca5000-7f4b9dcd1000 r-xp 00000000 08:08 1318767                    /usr/lib/x86_64-linux-gnu/libatspi.so.0.0.1
7f4b9dcd1000-7f4b9ded0000 ---p 0002c000 08:08 1318767                    /usr/lib/x86_64-linux-gnu/libatspi.so.0.0.1
7f4b9ded0000-7f4b9ded3000 r--p 0002b000 08:08 1318767                    /usr/lib/x86_64-linux-gnu/libatspi.so.0.0.1
7f4b9ded3000-7f4b9ded4000 rw-p 0002e000 08:08 1318767                    /usr/lib/x86_64-linux-gnu/libatspi.so.0.0.1
7f4b9ded5000-7f4b9df02000 r-xp 00000000 08:08 1318761                    /usr/lib/x86_64-linux-gnu/libatk-bridge-2.0.so.0.0.0
7f4b9df02000-7f4b9e101000 ---p 0002d000 08:08 1318761                    /usr/lib/x86_64-linux-gnu/libatk-bridge-2.0.so.0.0.0
7f4b9e101000-7f4b9e102000 r--p 0002c000 08:08 1318761                    /usr/lib/x86_64-linux-gnu/libatk-bridge-2.0.so.0.0.0
7f4b9e102000-7f4b9e104000 rw-p 0002d000 08:08 1318761                    /usr/lib/x86_64-linux-gnu/libatk-bridge-2.0.so.0.0.0
7f4b9e105000-7f4b9e127000 r-xp 00000000 08:08 1318759                    /usr/lib/x86_64-linux-gnu/libatk-1.0.so.0.21809.1
7f4b9e127000-7f4b9e326000 ---p 00022000 08:08 1318759                    /usr/lib/x86_64-linux-gnu/libatk-1.0.so.0.21809.1
7f4b9e326000-7f4b9e329000 r--p 00021000 08:08 1318759                    /usr/lib/x86_64-linux-gnu/libatk-1.0.so.0.21809.1
7f4b9e329000-7f4b9e32a000 rw-p 00024000 08:08 1318759                    /usr/lib/x86_64-linux-gnu/libatk-1.0.so.0.21809.1
7f4b9e32d000-7f4b9e343000 r-xp 00000000 08:08 1326771                    /usr/lib/x86_64-linux-gnu/jni/libatk-wrapper.so.6.0.0
7f4b9e343000-7f4b9e543000 ---p 00016000 08:08 1326771                    /usr/lib/x86_64-linux-gnu/jni/libatk-wrapper.so.6.0.0
7f4b9e543000-7f4b9e544000 r--p 00016000 08:08 1326771                    /usr/lib/x86_64-linux-gnu/jni/libatk-wrapper.so.6.0.0
7f4b9e544000-7f4b9e545000 rw-p 00017000 08:08 1326771                    /usr/lib/x86_64-linux-gnu/jni/libatk-wrapper.so.6.0.0
7f4b9e54c000-7f4b9e54f000 ---p 00000000 00:00 0 
7f4b9e54f000-7f4b9e64d000 rw-p 00000000 00:00 0 
7f4b9e64d000-7f4b9e652000 r-xp 00000000 08:08 1318664                    /usr/lib/x86_64-linux-gnu/libXfixes.so.3.1.0
7f4b9e652000-7f4b9e851000 ---p 00005000 08:08 1318664                    /usr/lib/x86_64-linux-gnu/libXfixes.so.3.1.0
7f4b9e851000-7f4b9e852000 r--p 00004000 08:08 1318664                    /usr/lib/x86_64-linux-gnu/libXfixes.so.3.1.0
7f4b9e852000-7f4b9e853000 rw-p 00005000 08:08 1318664                    /usr/lib/x86_64-linux-gnu/libXfixes.so.3.1.0
7f4b9e855000-7f4b9e85e000 r-xp 00000000 08:08 1318656                    /usr/lib/x86_64-linux-gnu/libXcursor.so.1.0.2
7f4b9e85e000-7f4b9ea5d000 ---p 00009000 08:08 1318656                    /usr/lib/x86_64-linux-gnu/libXcursor.so.1.0.2
7f4b9ea5d000-7f4b9ea5e000 r--p 00008000 08:08 1318656                    /usr/lib/x86_64-linux-gnu/libXcursor.so.1.0.2
7f4b9ea5e000-7f4b9ea5f000 rw-p 00009000 08:08 1318656                    /usr/lib/x86_64-linux-gnu/libXcursor.so.1.0.2
7f4b9ea64000-7f4b9ea67000 ---p 00000000 00:00 0 
7f4b9ea67000-7f4b9eb65000 rw-p 00000000 00:00 0 
7f4b9eb65000-7f4b9eb77000 r-xp 00000000 08:08 528667                     /lib/x86_64-linux-gnu/libgpg-error.so.0.17.0
7f4b9eb77000-7f4b9ed77000 ---p 00012000 08:08 528667                     /lib/x86_64-linux-gnu/libgpg-error.so.0.17.0
7f4b9ed77000-7f4b9ed78000 r--p 00012000 08:08 528667                     /lib/x86_64-linux-gnu/libgpg-error.so.0.17.0
7f4b9ed78000-7f4b9ed79000 rw-p 00013000 08:08 528667                     /lib/x86_64-linux-gnu/libgpg-error.so.0.17.0
7f4b9ed7d000-7f4b9ee55000 r-xp 00000000 08:08 528663                     /lib/x86_64-linux-gnu/libgcrypt.so.20.0.5
7f4b9ee55000-7f4b9f054000 ---p 000d8000 08:08 528663                     /lib/x86_64-linux-gnu/libgcrypt.so.20.0.5
7f4b9f054000-7f4b9f055000 r--p 000d7000 08:08 528663                     /lib/x86_64-linux-gnu/libgcrypt.so.20.0.5
7f4b9f055000-7f4b9f05d000 rw-p 000d8000 08:08 528663                     /lib/x86_64-linux-gnu/libgcrypt.so.20.0.5
7f4b9f05d000-7f4b9f05e000 rw-p 00000000 00:00 0 
7f4b9f065000-7f4b9f086000 r-xp 00000000 08:08 528690                     /lib/x86_64-linux-gnu/liblzma.so.5.0.0
7f4b9f086000-7f4b9f285000 ---p 00021000 08:08 528690                     /lib/x86_64-linux-gnu/liblzma.so.5.0.0
7f4b9f285000-7f4b9f286000 r--p 00020000 08:08 528690                     /lib/x86_64-linux-gnu/liblzma.so.5.0.0
7f4b9f286000-7f4b9f287000 rw-p 00021000 08:08 528690                     /lib/x86_64-linux-gnu/liblzma.so.5.0.0
7f4b9f28d000-7f4b9f290000 r-xp 00000000 08:08 528684                     /lib/x86_64-linux-gnu/libkeyutils.so.1.5
7f4b9f290000-7f4b9f48f000 ---p 00003000 08:08 528684                     /lib/x86_64-linux-gnu/libkeyutils.so.1.5
7f4b9f48f000-7f4b9f490000 r--p 00002000 08:08 528684                     /lib/x86_64-linux-gnu/libkeyutils.so.1.5
7f4b9f490000-7f4b9f491000 rw-p 00003000 08:08 528684                     /lib/x86_64-linux-gnu/libkeyutils.so.1.5
7f4b9f495000-7f4b9f4b9000 r-xp 00000000 08:08 528764                     /lib/x86_64-linux-gnu/libpng12.so.0.54.0
7f4b9f4b9000-7f4b9f6b8000 ---p 00024000 08:08 528764                     /lib/x86_64-linux-gnu/libpng12.so.0.54.0
7f4b9f6b8000-7f4b9f6b9000 r--p 00023000 08:08 528764                     /lib/x86_64-linux-gnu/libpng12.so.0.54.0
7f4b9f6b9000-7f4b9f6ba000 rw-p 00024000 08:08 528764                     /lib/x86_64-linux-gnu/libpng12.so.0.54.0
7f4b9f6bd000-7f4b9f707000 r-xp 00000000 08:08 528639                     /lib/x86_64-linux-gnu/libdbus-1.so.3.14.6
7f4b9f707000-7f4b9f907000 ---p 0004a000 08:08 528639                     /lib/x86_64-linux-gnu/libdbus-1.so.3.14.6
7f4b9f907000-7f4b9f908000 r--p 0004a000 08:08 528639                     /lib/x86_64-linux-gnu/libdbus-1.so.3.14.6
7f4b9f908000-7f4b9f909000 rw-p 0004b000 08:08 528639                     /lib/x86_64-linux-gnu/libdbus-1.so.3.14.6
7f4b9f90d000-7f4b9f98c000 r-xp 00000000 08:08 1319255                    /usr/lib/x86_64-linux-gnu/libgmp.so.10.3.0
7f4b9f98c000-7f4b9fb8b000 ---p 0007f000 08:08 1319255                    /usr/lib/x86_64-linux-gnu/libgmp.so.10.3.0
7f4b9fb8b000-7f4b9fb8c000 r--p 0007e000 08:08 1319255                    /usr/lib/x86_64-linux-gnu/libgmp.so.10.3.0
7f4b9fb8c000-7f4b9fb8d000 rw-p 0007f000 08:08 1319255                    /usr/lib/x86_64-linux-gnu/libgmp.so.10.3.0
7f4b9fb8d000-7f4b9fbbf000 r-xp 00000000 08:08 1319427                    /usr/lib/x86_64-linux-gnu/libhogweed.so.4.2
7f4b9fbbf000-7f4b9fdbe000 ---p 00032000 08:08 1319427                    /usr/lib/x86_64-linux-gnu/libhogweed.so.4.2
7f4b9fdbe000-7f4b9fdbf000 r--p 00031000 08:08 1319427                    /usr/lib/x86_64-linux-gnu/libhogweed.so.4.2
7f4b9fdbf000-7f4b9fdc0000 rw-p 00032000 08:08 1319427                    /usr/lib/x86_64-linux-gnu/libhogweed.so.4.2
7f4b9fdc5000-7f4b9fdf9000 r-xp 00000000 08:08 1319669                    /usr/lib/x86_64-linux-gnu/libnettle.so.6.2
7f4b9fdf9000-7f4b9fff8000 ---p 00034000 08:08 1319669                    /usr/lib/x86_64-linux-gnu/libnettle.so.6.2
7f4b9fff8000-7f4b9fffa000 r--p 00033000 08:08 1319669                    /usr/lib/x86_64-linux-gnu/libnettle.so.6.2
7f4b9fffa000-7f4b9fffb000 rw-p 00035000 08:08 1319669                    /usr/lib/x86_64-linux-gnu/libnettle.so.6.2
7f4ba0000000-7f4ba0021000 rw-p 00000000 00:00 0 
7f4ba0021000-7f4ba4000000 ---p 00000000 00:00 0 
7f4ba4085000-7f4ba4096000 r-xp 00000000 08:08 1313658                    /usr/lib/x86_64-linux-gnu/libtasn1.so.6.5.1
7f4ba4096000-7f4ba4296000 ---p 00011000 08:08 1313658                    /usr/lib/x86_64-linux-gnu/libtasn1.so.6.5.1
7f4ba4296000-7f4ba4297000 r--p 00011000 08:08 1313658                    /usr/lib/x86_64-linux-gnu/libtasn1.so.6.5.1
7f4ba4297000-7f4ba4298000 rw-p 00012000 08:08 1313658                    /usr/lib/x86_64-linux-gnu/libtasn1.so.6.5.1
7f4ba429d000-7f4ba42ce000 r-xp 00000000 08:08 1319469                    /usr/lib/x86_64-linux-gnu/libidn.so.11.6.15
7f4ba42ce000-7f4ba44ce000 ---p 00031000 08:08 1319469                    /usr/lib/x86_64-linux-gnu/libidn.so.11.6.15
7f4ba44ce000-7f4ba44cf000 r--p 00031000 08:08 1319469                    /usr/lib/x86_64-linux-gnu/libidn.so.11.6.15
7f4ba44cf000-7f4ba44d0000 rw-p 00032000 08:08 1319469                    /usr/lib/x86_64-linux-gnu/libidn.so.11.6.15
7f4ba44d5000-7f4ba452f000 r-xp 00000000 08:08 1319767                    /usr/lib/x86_64-linux-gnu/libp11-kit.so.0.1.0
7f4ba452f000-7f4ba472e000 ---p 0005a000 08:08 1319767                    /usr/lib/x86_64-linux-gnu/libp11-kit.so.0.1.0
7f4ba472e000-7f4ba4738000 r--p 00059000 08:08 1319767                    /usr/lib/x86_64-linux-gnu/libp11-kit.so.0.1.0
7f4ba4738000-7f4ba473a000 rw-p 00063000 08:08 1319767                    /usr/lib/x86_64-linux-gnu/libp11-kit.so.0.1.0
7f4ba473d000-7f4ba4747000 r-xp 00000000 08:08 1319527                    /usr/lib/x86_64-linux-gnu/libkrb5support.so.0.1
7f4ba4747000-7f4ba4946000 ---p 0000a000 08:08 1319527                    /usr/lib/x86_64-linux-gnu/libkrb5support.so.0.1
7f4ba4946000-7f4ba4947000 r--p 00009000 08:08 1319527                    /usr/lib/x86_64-linux-gnu/libkrb5support.so.0.1
7f4ba4947000-7f4ba4948000 rw-p 0000a000 08:08 1319527                    /usr/lib/x86_64-linux-gnu/libkrb5support.so.0.1
7f4ba494d000-7f4ba4950000 r-xp 00000000 08:08 528632                     /lib/x86_64-linux-gnu/libcom_err.so.2.1
7f4ba4950000-7f4ba4b4f000 ---p 00003000 08:08 528632                     /lib/x86_64-linux-gnu/libcom_err.so.2.1
7f4ba4b4f000-7f4ba4b50000 r--p 00002000 08:08 528632                     /lib/x86_64-linux-gnu/libcom_err.so.2.1
7f4ba4b50000-7f4ba4b51000 rw-p 00003000 08:08 528632                     /lib/x86_64-linux-gnu/libcom_err.so.2.1
7f4ba4b55000-7f4ba4b81000 r-xp 00000000 08:08 1319517                    /usr/lib/x86_64-linux-gnu/libk5crypto.so.3.1
7f4ba4b81000-7f4ba4d80000 ---p 0002c000 08:08 1319517                    /usr/lib/x86_64-linux-gnu/libk5crypto.so.3.1
7f4ba4d80000-7f4ba4d82000 r--p 0002b000 08:08 1319517                    /usr/lib/x86_64-linux-gnu/libk5crypto.so.3.1
7f4ba4d82000-7f4ba4d83000 rw-p 0002d000 08:08 1319517                    /usr/lib/x86_64-linux-gnu/libk5crypto.so.3.1
7f4ba4d83000-7f4ba4d84000 rw-p 00000000 00:00 0 
7f4ba4d85000-7f4ba4e48000 r-xp 00000000 08:08 1319525                    /usr/lib/x86_64-linux-gnu/libkrb5.so.3.3
7f4ba4e48000-7f4ba5048000 ---p 000c3000 08:08 1319525                    /usr/lib/x86_64-linux-gnu/libkrb5.so.3.3
7f4ba5048000-7f4ba5055000 r--p 000c3000 08:08 1319525                    /usr/lib/x86_64-linux-gnu/libkrb5.so.3.3
7f4ba5055000-7f4ba5057000 rw-p 000d0000 08:08 1319525                    /usr/lib/x86_64-linux-gnu/libkrb5.so.3.3
7f4ba505d000-7f4ba5062000 r-xp 00000000 08:08 1318660                    /usr/lib/x86_64-linux-gnu/libXdmcp.so.6.0.0
7f4ba5062000-7f4ba5261000 ---p 00005000 08:08 1318660                    /usr/lib/x86_64-linux-gnu/libXdmcp.so.6.0.0
7f4ba5261000-7f4ba5262000 r--p 00004000 08:08 1318660                    /usr/lib/x86_64-linux-gnu/libXdmcp.so.6.0.0
7f4ba5262000-7f4ba5263000 rw-p 00005000 08:08 1318660                    /usr/lib/x86_64-linux-gnu/libXdmcp.so.6.0.0
7f4ba5265000-7f4ba5267000 r-xp 00000000 08:08 1318649                    /usr/lib/x86_64-linux-gnu/libXau.so.6.0.0
7f4ba5267000-7f4ba5467000 ---p 00002000 08:08 1318649                    /usr/lib/x86_64-linux-gnu/libXau.so.6.0.0
7f4ba5467000-7f4ba5468000 r--p 00002000 08:08 1318649                    /usr/lib/x86_64-linux-gnu/libXau.so.6.0.0
7f4ba5468000-7f4ba5469000 rw-p 00003000 08:08 1318649                    /usr/lib/x86_64-linux-gnu/libXau.so.6.0.0
7f4ba546d000-7f4ba5493000 r-xp 00000000 08:08 529894                     /lib/x86_64-linux-gnu/libexpat.so.1.6.0
7f4ba5493000-7f4ba5693000 ---p 00026000 08:08 529894                     /lib/x86_64-linux-gnu/libexpat.so.1.6.0
7f4ba5693000-7f4ba5695000 r--p 00026000 08:08 529894                     /lib/x86_64-linux-gnu/libexpat.so.1.6.0
7f4ba5695000-7f4ba5696000 rw-p 00028000 08:08 529894                     /lib/x86_64-linux-gnu/libexpat.so.1.6.0
7f4ba569d000-7f4ba5741000 r-xp 00000000 08:08 1319158                    /usr/lib/x86_64-linux-gnu/libfreetype.so.6.12.1
7f4ba5741000-7f4ba5940000 ---p 000a4000 08:08 1319158                    /usr/lib/x86_64-linux-gnu/libfreetype.so.6.12.1
7f4ba5940000-7f4ba5946000 r--p 000a3000 08:08 1319158                    /usr/lib/x86_64-linux-gnu/libfreetype.so.6.12.1
7f4ba5946000-7f4ba5947000 rw-p 000a9000 08:08 1319158                    /usr/lib/x86_64-linux-gnu/libfreetype.so.6.12.1
7f4ba594d000-7f4ba595d000 r-xp 00000000 08:08 1318771                    /usr/lib/x86_64-linux-gnu/libavahi-client.so.3.2.9
7f4ba595d000-7f4ba5b5c000 ---p 00010000 08:08 1318771                    /usr/lib/x86_64-linux-gnu/libavahi-client.so.3.2.9
7f4ba5b5c000-7f4ba5b5d000 r--p 0000f000 08:08 1318771                    /usr/lib/x86_64-linux-gnu/libavahi-client.so.3.2.9
7f4ba5b5d000-7f4ba5b5e000 rw-p 00010000 08:08 1318771                    /usr/lib/x86_64-linux-gnu/libavahi-client.so.3.2.9
7f4ba5b65000-7f4ba5b70000 r-xp 00000000 08:08 1318773                    /usr/lib/x86_64-linux-gnu/libavahi-common.so.3.5.3
7f4ba5b70000-7f4ba5d6f000 ---p 0000b000 08:08 1318773                    /usr/lib/x86_64-linux-gnu/libavahi-common.so.3.5.3
7f4ba5d6f000-7f4ba5d70000 r--p 0000a000 08:08 1318773                    /usr/lib/x86_64-linux-gnu/libavahi-common.so.3.5.3
7f4ba5d70000-7f4ba5d71000 rw-p 0000b000 08:08 1318773                    /usr/lib/x86_64-linux-gnu/libavahi-common.so.3.5.3
7f4ba5d75000-7f4ba5e99000 r-xp 00000000 08:08 1319273                    /usr/lib/x86_64-linux-gnu/libgnutls.so.30.6.2
7f4ba5e99000-7f4ba6098000 ---p 00124000 08:08 1319273                    /usr/lib/x86_64-linux-gnu/libgnutls.so.30.6.2
7f4ba6098000-7f4ba60a3000 r--p 00123000 08:08 1319273                    /usr/lib/x86_64-linux-gnu/libgnutls.so.30.6.2
7f4ba60a3000-7f4ba60a5000 rw-p 0012e000 08:08 1319273                    /usr/lib/x86_64-linux-gnu/libgnutls.so.30.6.2
7f4ba60a5000-7f4ba60a6000 rw-p 00000000 00:00 0 
7f4ba60ad000-7f4ba60f4000 r-xp 00000000 08:08 1319314                    /usr/lib/x86_64-linux-gnu/libgssapi_krb5.so.2.2
7f4ba60f4000-7f4ba62f3000 ---p 00047000 08:08 1319314                    /usr/lib/x86_64-linux-gnu/libgssapi_krb5.so.2.2
7f4ba62f3000-7f4ba62f5000 r--p 00046000 08:08 1319314                    /usr/lib/x86_64-linux-gnu/libgssapi_krb5.so.2.2
7f4ba62f5000-7f4ba62f7000 rw-p 00048000 08:08 1319314                    /usr/lib/x86_64-linux-gnu/libgssapi_krb5.so.2.2
7f4ba62fd000-7f4ba631e000 r-xp 00000000 08:08 1320309                    /usr/lib/x86_64-linux-gnu/libxcb.so.1.1.0
7f4ba631e000-7f4ba651d000 ---p 00021000 08:08 1320309                    /usr/lib/x86_64-linux-gnu/libxcb.so.1.1.0
7f4ba651d000-7f4ba651e000 r--p 00020000 08:08 1320309                    /usr/lib/x86_64-linux-gnu/libxcb.so.1.1.0
7f4ba651e000-7f4ba651f000 rw-p 00021000 08:08 1320309                    /usr/lib/x86_64-linux-gnu/libxcb.so.1.1.0
7f4ba6525000-7f4ba6562000 r-xp 00000000 08:08 1319124                    /usr/lib/x86_64-linux-gnu/libfontconfig.so.1.9.0
7f4ba6562000-7f4ba6761000 ---p 0003d000 08:08 1319124                    /usr/lib/x86_64-linux-gnu/libfontconfig.so.1.9.0
7f4ba6761000-7f4ba6763000 r--p 0003c000 08:08 1319124                    /usr/lib/x86_64-linux-gnu/libfontconfig.so.1.9.0
7f4ba6763000-7f4ba6768000 rw-p 0003e000 08:08 1319124                    /usr/lib/x86_64-linux-gnu/libfontconfig.so.1.9.0
7f4ba676d000-7f4ba67e5000 r-xp 00000000 08:08 1318919                    /usr/lib/x86_64-linux-gnu/libcups.so.2
7f4ba67e5000-7f4ba69e4000 ---p 00078000 08:08 1318919                    /usr/lib/x86_64-linux-gnu/libcups.so.2
7f4ba69e4000-7f4ba69ec000 r--p 00077000 08:08 1318919                    /usr/lib/x86_64-linux-gnu/libcups.so.2
7f4ba69ec000-7f4ba69ed000 rw-p 0007f000 08:08 1318919                    /usr/lib/x86_64-linux-gnu/libcups.so.2
7f4ba69ed000-7f4ba69fc000 r-xp 00000000 08:08 1318670                    /usr/lib/x86_64-linux-gnu/libXi.so.6.1.0
7f4ba69fc000-7f4ba6bfb000 ---p 0000f000 08:08 1318670                    /usr/lib/x86_64-linux-gnu/libXi.so.6.1.0
7f4ba6bfb000-7f4ba6bfc000 r--p 0000e000 08:08 1318670                    /usr/lib/x86_64-linux-gnu/libXi.so.6.1.0
7f4ba6bfc000-7f4ba6bfd000 rw-p 0000f000 08:08 1318670                    /usr/lib/x86_64-linux-gnu/libXi.so.6.1.0
7f4ba6bfd000-7f4ba6c02000 r-xp 00000000 08:08 1318688                    /usr/lib/x86_64-linux-gnu/libXtst.so.6.1.0
7f4ba6c02000-7f4ba6e01000 ---p 00005000 08:08 1318688                    /usr/lib/x86_64-linux-gnu/libXtst.so.6.1.0
7f4ba6e01000-7f4ba6e02000 r--p 00004000 08:08 1318688                    /usr/lib/x86_64-linux-gnu/libXtst.so.6.1.0
7f4ba6e02000-7f4ba6e03000 rw-p 00005000 08:08 1318688                    /usr/lib/x86_64-linux-gnu/libXtst.so.6.1.0
7f4ba6e05000-7f4ba6e0e000 r-xp 00000000 08:08 1318682                    /usr/lib/x86_64-linux-gnu/libXrender.so.1.3.0
7f4ba6e0e000-7f4ba700d000 ---p 00009000 08:08 1318682                    /usr/lib/x86_64-linux-gnu/libXrender.so.1.3.0
7f4ba700d000-7f4ba700e000 r--p 00008000 08:08 1318682                    /usr/lib/x86_64-linux-gnu/libXrender.so.1.3.0
7f4ba700e000-7f4ba700f000 rw-p 00009000 08:08 1318682                    /usr/lib/x86_64-linux-gnu/libXrender.so.1.3.0
7f4ba7015000-7f4ba714a000 r-xp 00000000 08:08 1318645                    /usr/lib/x86_64-linux-gnu/libX11.so.6.3.0
7f4ba714a000-7f4ba734a000 ---p 00135000 08:08 1318645                    /usr/lib/x86_64-linux-gnu/libX11.so.6.3.0
7f4ba734a000-7f4ba734b000 r--p 00135000 08:08 1318645                    /usr/lib/x86_64-linux-gnu/libX11.so.6.3.0
7f4ba734b000-7f4ba734f000 rw-p 00136000 08:08 1318645                    /usr/lib/x86_64-linux-gnu/libX11.so.6.3.0
7f4ba7355000-7f4ba7366000 r-xp 00000000 08:08 1318662                    /usr/lib/x86_64-linux-gnu/libXext.so.6.4.0
7f4ba7366000-7f4ba7565000 ---p 00011000 08:08 1318662                    /usr/lib/x86_64-linux-gnu/libXext.so.6.4.0
7f4ba7565000-7f4ba7566000 r--p 00010000 08:08 1318662                    /usr/lib/x86_64-linux-gnu/libXext.so.6.4.0
7f4ba7566000-7f4ba7567000 rw-p 00011000 08:08 1318662                    /usr/lib/x86_64-linux-gnu/libXext.so.6.4.0
7f4ba756d000-7f4ba75b6000 r-xp 00000000 08:08 1326925                    /usr/lib/jvm/java-7-openjdk-amd64/jre/lib/amd64/xawt/libmawt.so
7f4ba75b6000-7f4ba77b5000 ---p 00049000 08:08 1326925                    /usr/lib/jvm/java-7-openjdk-amd64/jre/lib/amd64/xawt/libmawt.so
7f4ba77b5000-7f4ba77b6000 r--p 00048000 08:08 1326925                    /usr/lib/jvm/java-7-openjdk-amd64/jre/lib/amd64/xawt/libmawt.so
7f4ba77b6000-7f4ba77b9000 rw-p 00049000 08:08 1326925                    /usr/lib/jvm/java-7-openjdk-amd64/jre/lib/amd64/xawt/libmawt.so
7f4ba77b9000-7f4ba77ba000 rw-p 00000000 00:00 0 
7f4ba77bd000-7f4ba785c000 r-xp 00000000 08:08 1326629                    /usr/lib/jvm/java-7-openjdk-amd64/jre/lib/amd64/libawt.so
7f4ba785c000-7f4ba7a5b000 ---p 0009f000 08:08 1326629                    /usr/lib/jvm/java-7-openjdk-amd64/jre/lib/amd64/libawt.so
7f4ba7a5b000-7f4ba7a5c000 r--p 0009e000 08:08 1326629                    /usr/lib/jvm/java-7-openjdk-amd64/jre/lib/amd64/libawt.so
7f4ba7a5c000-7f4ba7a67000 rw-p 0009f000 08:08 1326629                    /usr/lib/jvm/java-7-openjdk-amd64/jre/lib/amd64/libawt.so
7f4ba7a67000-7f4ba7d8d000 rw-p 00000000 00:00 0 
7f4ba7d8d000-7f4ba7dfb000 r-xp 00000000 08:08 528752                     /lib/x86_64-linux-gnu/libpcre.so.3.13.2
7f4ba7dfb000-7f4ba7ffb000 ---p 0006e000 08:08 528752                     /lib/x86_64-linux-gnu/libpcre.so.3.13.2
7f4ba7ffb000-7f4ba7ffc000 r--p 0006e000 08:08 528752                     /lib/x86_64-linux-gnu/libpcre.so.3.13.2
7f4ba7ffc000-7f4ba7ffd000 rw-p 0006f000 08:08 528752                     /lib/x86_64-linux-gnu/libpcre.so.3.13.2
7f4ba8000000-7f4ba8021000 rw-p 00000000 00:00 0 
7f4ba8021000-7f4bac000000 ---p 00000000 00:00 0 
7f4bac000000-7f4bac021000 rw-p 00000000 00:00 0 
7f4bac021000-7f4bb0000000 ---p 00000000 00:00 0 
7f4bb0000000-7f4bb08ba000 rw-p 00000000 00:00 0 
7f4bb08ba000-7f4bb4000000 ---p 00000000 00:00 0 
7f4bb4000000-7f4bb4845000 rw-p 00000000 00:00 0 
7f4bb4845000-7f4bb8000000 ---p 00000000 00:00 0 
7f4bb8000000-7f4bb8021000 rw-p 00000000 00:00 0 
7f4bb8021000-7f4bbc000000 ---p 00000000 00:00 0 
7f4bbc000000-7f4bbc021000 rw-p 00000000 00:00 0 
7f4bbc021000-7f4bc0000000 ---p 00000000 00:00 0 
7f4bc0000000-7f4bc0021000 rw-p 00000000 00:00 0 
7f4bc0021000-7f4bc4000000 ---p 00000000 00:00 0 
7f4bc4000000-7f4bc4021000 rw-p 00000000 00:00 0 
7f4bc4021000-7f4bc8000000 ---p 00000000 00:00 0 
7f4bc8000000-7f4bc8021000 rw-p 00000000 00:00 0 
7f4bc8021000-7f4bcc000000 ---p 00000000 00:00 0 
7f4bcc000000-7f4bcc021000 rw-p 00000000 00:00 0 
7f4bcc021000-7f4bd0000000 ---p 00000000 00:00 0 
7f4bd0000000-7f4bd0021000 rw-p 00000000 00:00 0 
7f4bd0021000-7f4bd4000000 ---p 00000000 00:00 0 
7f4bd407c000-7f4bd40ad000 rw-p 00000000 00:00 0 
7f4bd40ad000-7f4bd40b4000 r-xp 00000000 08:08 1319082                    /usr/lib/x86_64-linux-gnu/libffi.so.6.0.4
7f4bd40b4000-7f4bd42b3000 ---p 00007000 08:08 1319082                    /usr/lib/x86_64-linux-gnu/libffi.so.6.0.4
7f4bd42b3000-7f4bd42b4000 r--p 00006000 08:08 1319082                    /usr/lib/x86_64-linux-gnu/libffi.so.6.0.4
7f4bd42b4000-7f4bd42b5000 rw-p 00007000 08:08 1319082                    /usr/lib/x86_64-linux-gnu/libffi.so.6.0.4
7f4bd42b5000-7f4bd42cc000 r-xp 00000000 08:08 528775                     /lib/x86_64-linux-gnu/libresolv-2.23.so
7f4bd42cc000-7f4bd44cc000 ---p 00017000 08:08 528775                     /lib/x86_64-linux-gnu/libresolv-2.23.so
7f4bd44cc000-7f4bd44cd000 r--p 00017000 08:08 528775                     /lib/x86_64-linux-gnu/libresolv-2.23.so
7f4bd44cd000-7f4bd44ce000 rw-p 00018000 08:08 528775                     /lib/x86_64-linux-gnu/libresolv-2.23.so
7f4bd44ce000-7f4bd8000000 rw-p 00000000 00:00 0 
7f4bd8000000-7f4bd8021000 rw-p 00000000 00:00 0 
7f4bd8021000-7f4bdc000000 ---p 00000000 00:00 0 
7f4bdc004000-7f4bdc007000 ---p 00000000 00:00 0 
7f4bdc007000-7f4bdc03d000 rw-p 00000000 00:00 0 
7f4bdc03d000-7f4bdc0bd000 r-xp 00000000 08:08 528791                     /lib/x86_64-linux-gnu/libsystemd.so.0.14.0
7f4bdc0bd000-7f4bdc0c0000 r--p 0007f000 08:08 528791                     /lib/x86_64-linux-gnu/libsystemd.so.0.14.0
7f4bdc0c0000-7f4bdc0c1000 rw-p 00082000 08:08 528791                     /lib/x86_64-linux-gnu/libsystemd.so.0.14.0
7f4bdc0c1000-7f4bdc0c2000 rw-p 00000000 00:00 0 
7f4bdc0cd000-7f4bdc0df000 r--s 00000000 08:08 530667                     /usr/share/fonts/type1/gsfonts/n019004l.pfb
7f4bdc0e5000-7f4bdc104000 r-xp 00000000 08:08 528781                     /lib/x86_64-linux-gnu/libselinux.so.1
7f4bdc104000-7f4bdc303000 ---p 0001f000 08:08 528781                     /lib/x86_64-linux-gnu/libselinux.so.1
7f4bdc303000-7f4bdc304000 r--p 0001e000 08:08 528781                     /lib/x86_64-linux-gnu/libselinux.so.1
7f4bdc304000-7f4bdc305000 rw-p 0001f000 08:08 528781                     /lib/x86_64-linux-gnu/libselinux.so.1
7f4bdc305000-7f4bdc307000 rw-p 00000000 00:00 0 
7f4bdc30d000-7f4bdc310000 r-xp 00000000 08:08 1319253                    /usr/lib/x86_64-linux-gnu/libgmodule-2.0.so.0.4800.0
7f4bdc310000-7f4bdc50f000 ---p 00003000 08:08 1319253                    /usr/lib/x86_64-linux-gnu/libgmodule-2.0.so.0.4800.0
7f4bdc50f000-7f4bdc510000 r--p 00002000 08:08 1319253                    /usr/lib/x86_64-linux-gnu/libgmodule-2.0.so.0.4800.0
7f4bdc510000-7f4bdc511000 rw-p 00003000 08:08 1319253                    /usr/lib/x86_64-linux-gnu/libgmodule-2.0.so.0.4800.0
7f4bdc515000-7f4bdc623000 r-xp 00000000 08:08 528665                     /lib/x86_64-linux-gnu/libglib-2.0.so.0.4800.0
7f4bdc623000-7f4bdc823000 ---p 0010e000 08:08 528665                     /lib/x86_64-linux-gnu/libglib-2.0.so.0.4800.0
7f4bdc823000-7f4bdc824000 r--p 0010e000 08:08 528665                     /lib/x86_64-linux-gnu/libglib-2.0.so.0.4800.0
7f4bdc824000-7f4bdc825000 rw-p 0010f000 08:08 528665                     /lib/x86_64-linux-gnu/libglib-2.0.so.0.4800.0
7f4bdc825000-7f4bdc826000 rw-p 00000000 00:00 0 
7f4bdc82d000-7f4bdc87f000 r-xp 00000000 08:08 1319277                    /usr/lib/x86_64-linux-gnu/libgobject-2.0.so.0.4800.0
7f4bdc87f000-7f4bdca7e000 ---p 00052000 08:08 1319277                    /usr/lib/x86_64-linux-gnu/libgobject-2.0.so.0.4800.0
7f4bdca7e000-7f4bdca7f000 r--p 00051000 08:08 1319277                    /usr/lib/x86_64-linux-gnu/libgobject-2.0.so.0.4800.0
7f4bdca7f000-7f4bdca80000 rw-p 00052000 08:08 1319277                    /usr/lib/x86_64-linux-gnu/libgobject-2.0.so.0.4800.0
7f4bdca85000-7f4bdcc05000 r-xp 00000000 08:08 1319237                    /usr/lib/x86_64-linux-gnu/libgio-2.0.so.0.4800.0
7f4bdcc05000-7f4bdce05000 ---p 00180000 08:08 1319237                    /usr/lib/x86_64-linux-gnu/libgio-2.0.so.0.4800.0
7f4bdce05000-7f4bdce09000 r--p 00180000 08:08 1319237                    /usr/lib/x86_64-linux-gnu/libgio-2.0.so.0.4800.0
7f4bdce09000-7f4bdce0b000 rw-p 00184000 08:08 1319237                    /usr/lib/x86_64-linux-gnu/libgio-2.0.so.0.4800.0
7f4bdce0b000-7f4bdce0d000 rw-p 00000000 00:00 0 
7f4bdce15000-7f4bdce29000 r--s 00000000 08:08 530664                     /usr/share/fonts/type1/gsfonts/n019003l.pfb
7f4bdce2d000-7f4bdce44000 r-xp 00000000 08:08 1326632                    /usr/lib/jvm/java-7-openjdk-amd64/jre/lib/amd64/libnet.so
7f4bdce44000-7f4bdd044000 ---p 00017000 08:08 1326632                    /usr/lib/jvm/java-7-openjdk-amd64/jre/lib/amd64/libnet.so
7f4bdd044000-7f4bdd045000 r--p 00017000 08:08 1326632                    /usr/lib/jvm/java-7-openjdk-amd64/jre/lib/amd64/libnet.so
7f4bdd045000-7f4bdd046000 rw-p 00018000 08:08 1326632                    /usr/lib/jvm/java-7-openjdk-amd64/jre/lib/amd64/libnet.so
7f4bdd04c000-7f4bdd04f000 ---p 00000000 00:00 0 
7f4bdd04f000-7f4bdd14d000 rw-p 00000000 00:00 0 
7f4bdd14d000-7f4bdd14e000 r-xp 00000000 08:08 1182232                    /opt/idea-IC-145.972.3/bin/libbreakgen64.so
7f4bdd14e000-7f4bdd34d000 ---p 00001000 08:08 1182232                    /opt/idea-IC-145.972.3/bin/libbreakgen64.so
7f4bdd34d000-7f4bdd34e000 r--p 00000000 08:08 1182232                    /opt/idea-IC-145.972.3/bin/libbreakgen64.so
7f4bdd34e000-7f4bdd34f000 rw-p 00001000 08:08 1182232                    /opt/idea-IC-145.972.3/bin/libbreakgen64.so
7f4bdd353000-7f4bdd355000 r--s 0001e000 08:08 1179976                    /opt/idea-IC-145.972.3/lib/idea_rt.jar
7f4bdd35c000-7f4bdd36a000 r--s 0010f000 08:08 1326658                    /usr/lib/jvm/java-7-openjdk-amd64/jre/lib/rhino.jar
7f4bdd36b000-7f4bdd375000 r--s 000ae000 08:08 1326659                    /usr/lib/jvm/java-7-openjdk-amd64/jre/lib/resources.jar
7f4bdd375000-7f4bdd376000 r--s 00000000 08:08 1326681                    /usr/lib/jvm/java-7-openjdk-amd64/jre/lib/management-agent.jar
7f4bdd37c000-7f4bdd380000 r--s 0004f000 08:08 1326691                    /usr/lib/jvm/java-7-openjdk-amd64/jre/lib/jsse.jar
7f4bdd385000-7f4bdd387000 r--s 00018000 08:08 1326616                    /usr/lib/jvm/java-7-openjdk-amd64/jre/lib/jce.jar
7f4bdd387000-7f4bdd388000 r--s 0000a000 08:08 1326611                    /usr/lib/jvm/java-7-openjdk-amd64/jre/lib/javazic.jar
7f4bdd38d000-7f4bdd38e000 r--s 00000000 08:08 1326680                    /usr/lib/jvm/java-7-openjdk-amd64/jre/lib/compilefontconfig.jar
7f4bdd390000-7f4bdd39b000 r--s 00203000 08:08 1326673                    /usr/lib/jvm/java-7-openjdk-amd64/jre/lib/charsets.jar
7f4bdd39f000-7f4bdd3a1000 r--s 00012000 08:08 1326685                    /usr/lib/jvm/java-7-openjdk-amd64/jre/lib/ext/zipfs.jar
7f4bdd3a4000-7f4bdd3a7000 r--s 0000f000 08:08 1326687                    /usr/lib/jvm/java-7-openjdk-amd64/jre/lib/ext/icedtea-sound.jar
7f4bdd3aa000-7f4bdd3ae000 r--s 00085000 08:08 1326688                    /usr/lib/jvm/java-7-openjdk-amd64/jre/lib/ext/localedata.jar
7f4bdd3b1000-7f4bdd3b5000 r--s 0003c000 08:08 1326689                    /usr/lib/jvm/java-7-openjdk-amd64/jre/lib/ext/sunpkcs11.jar
7f4bdd3b9000-7f4bdd3bd000 r--s 00034000 08:08 1326686                    /usr/lib/jvm/java-7-openjdk-amd64/jre/lib/ext/sunjce_provider.jar
7f4bdd3c4000-7f4bdd3c6000 r--s 00007000 08:08 150651                     /usr/share/java/java-atk-wrapper.jar
7f4bdd3c8000-7f4bdd3c9000 ---p 00000000 00:00 0 
7f4bdd3c9000-7f4bdd4c9000 rw-p 00000000 00:00 0 
7f4bdd4c9000-7f4bdd4cc000 ---p 00000000 00:00 0 
7f4bdd4cc000-7f4bdd5ca000 rw-p 00000000 00:00 0 
7f4bdd5ca000-7f4bdd5cd000 ---p 00000000 00:00 0 
7f4bdd5cd000-7f4bdd6cb000 rw-p 00000000 00:00 0 
7f4bdd6cb000-7f4bdd6ce000 ---p 00000000 00:00 0 
7f4bdd6ce000-7f4bdd7cc000 rw-p 00000000 00:00 0 
7f4bdd7cc000-7f4bdd7cf000 ---p 00000000 00:00 0 
7f4bdd7cf000-7f4bdd8cd000 rw-p 00000000 00:00 0 
7f4bdd8cd000-7f4bddd58000 r--p 00000000 08:08 1316347                    /usr/lib/locale/locale-archive
7f4bddd5e000-7f4bddd61000 ---p 00000000 00:00 0 
7f4bddd61000-7f4bdde5f000 rw-p 00000000 00:00 0 
7f4bdde5f000-7f4bdde62000 ---p 00000000 00:00 0 
7f4bdde62000-7f4bddf60000 rw-p 00000000 00:00 0 
7f4bddf60000-7f4bddf61000 ---p 00000000 00:00 0 
7f4bddf61000-7f4bdf015000 rw-p 00000000 00:00 0 
7f4bdf015000-7f4bdf1c6000 r--s 01d30000 08:08 1326671                    /usr/lib/jvm/java-7-openjdk-amd64/jre/lib/rt.jar
7f4bdf1ca000-7f4bdf64e000 rw-p 00000000 00:00 0 
7f4bdf64e000-7f4bdf64f000 ---p 00000000 00:00 0 
7f4bdf64f000-7f4bdf74f000 rw-p 00000000 00:00 0 
7f4bdf74f000-7f4bdf750000 ---p 00000000 00:00 0 
7f4bdf750000-7f4bdf850000 rw-p 00000000 00:00 0 
7f4bdf850000-7f4bdf851000 ---p 00000000 00:00 0 
7f4bdf851000-7f4bdf975000 rw-p 00000000 00:00 0 
7f4bdf975000-7f4bdfb91000 rw-p 00000000 00:00 0 
7f4bdfb91000-7f4bdfb9c000 rw-p 00000000 00:00 0 
7f4bdfb9c000-7f4bdfbe4000 rw-p 00000000 00:00 0 
7f4bdfbe4000-7f4bdfc08000 rw-p 00000000 00:00 0 
7f4bdfc08000-7f4bdfe24000 rw-p 00000000 00:00 0 
7f4bdfe24000-7f4bdfe36000 rw-p 00000000 00:00 0 
7f4bdfe36000-7f4bdff44000 rw-p 00000000 00:00 0 
7f4bdff44000-7f4bdff45000 rw-p 00000000 00:00 0 
7f4bdff45000-7f4be01b5000 rwxp 00000000 00:00 0 
7f4be01b5000-7f4be2f45000 rw-p 00000000 00:00 0 
7f4be2f45000-7f4be2f4d000 r-xp 00000000 08:08 1326638                    /usr/lib/jvm/java-7-openjdk-amd64/jre/lib/amd64/libzip.so
7f4be2f4d000-7f4be314c000 ---p 00008000 08:08 1326638                    /usr/lib/jvm/java-7-openjdk-amd64/jre/lib/amd64/libzip.so
7f4be314c000-7f4be314d000 r--p 00007000 08:08 1326638                    /usr/lib/jvm/java-7-openjdk-amd64/jre/lib/amd64/libzip.so
7f4be314d000-7f4be314e000 rw-p 00008000 08:08 1326638                    /usr/lib/jvm/java-7-openjdk-amd64/jre/lib/amd64/libzip.so
7f4be3155000-7f4be3160000 r-xp 00000000 08:08 528722                     /lib/x86_64-linux-gnu/libnss_files-2.23.so
7f4be3160000-7f4be335f000 ---p 0000b000 08:08 528722                     /lib/x86_64-linux-gnu/libnss_files-2.23.so
7f4be335f000-7f4be3360000 r--p 0000a000 08:08 528722                     /lib/x86_64-linux-gnu/libnss_files-2.23.so
7f4be3360000-7f4be3361000 rw-p 0000b000 08:08 528722                     /lib/x86_64-linux-gnu/libnss_files-2.23.so
7f4be3361000-7f4be3367000 rw-p 00000000 00:00 0 
7f4be336d000-7f4be3378000 r-xp 00000000 08:08 528732                     /lib/x86_64-linux-gnu/libnss_nis-2.23.so
7f4be3378000-7f4be3577000 ---p 0000b000 08:08 528732                     /lib/x86_64-linux-gnu/libnss_nis-2.23.so
7f4be3577000-7f4be3578000 r--p 0000a000 08:08 528732                     /lib/x86_64-linux-gnu/libnss_nis-2.23.so
7f4be3578000-7f4be3579000 rw-p 0000b000 08:08 528732                     /lib/x86_64-linux-gnu/libnss_nis-2.23.so
7f4be357d000-7f4be3593000 r-xp 00000000 08:08 528716                     /lib/x86_64-linux-gnu/libnsl-2.23.so
7f4be3593000-7f4be3792000 ---p 00016000 08:08 528716                     /lib/x86_64-linux-gnu/libnsl-2.23.so
7f4be3792000-7f4be3793000 r--p 00015000 08:08 528716                     /lib/x86_64-linux-gnu/libnsl-2.23.so
7f4be3793000-7f4be3794000 rw-p 00016000 08:08 528716                     /lib/x86_64-linux-gnu/libnsl-2.23.so
7f4be3794000-7f4be3796000 rw-p 00000000 00:00 0 
7f4be379d000-7f4be37a5000 r-xp 00000000 08:08 528718                     /lib/x86_64-linux-gnu/libnss_compat-2.23.so
7f4be37a5000-7f4be39a4000 ---p 00008000 08:08 528718                     /lib/x86_64-linux-gnu/libnss_compat-2.23.so
7f4be39a4000-7f4be39a5000 r--p 00007000 08:08 528718                     /lib/x86_64-linux-gnu/libnss_compat-2.23.so
7f4be39a5000-7f4be39a6000 rw-p 00008000 08:08 528718                     /lib/x86_64-linux-gnu/libnss_compat-2.23.so
7f4be39ad000-7f4be39d9000 r-xp 00000000 08:08 1326623                    /usr/lib/jvm/java-7-openjdk-amd64/jre/lib/amd64/libjava.so
7f4be39d9000-7f4be3bd8000 ---p 0002c000 08:08 1326623                    /usr/lib/jvm/java-7-openjdk-amd64/jre/lib/amd64/libjava.so
7f4be3bd8000-7f4be3bd9000 r--p 0002b000 08:08 1326623                    /usr/lib/jvm/java-7-openjdk-amd64/jre/lib/amd64/libjava.so
7f4be3bd9000-7f4be3bdb000 rw-p 0002c000 08:08 1326623                    /usr/lib/jvm/java-7-openjdk-amd64/jre/lib/amd64/libjava.so
7f4be3bdd000-7f4be3bec000 r-xp 00000000 08:08 1326624                    /usr/lib/jvm/java-7-openjdk-amd64/jre/lib/amd64/libverify.so
7f4be3bec000-7f4be3deb000 ---p 0000f000 08:08 1326624                    /usr/lib/jvm/java-7-openjdk-amd64/jre/lib/amd64/libverify.so
7f4be3deb000-7f4be3ded000 r--p 0000e000 08:08 1326624                    /usr/lib/jvm/java-7-openjdk-amd64/jre/lib/amd64/libverify.so
7f4be3ded000-7f4be3dee000 rw-p 00010000 08:08 1326624                    /usr/lib/jvm/java-7-openjdk-amd64/jre/lib/amd64/libverify.so
7f4be3df5000-7f4be3dfc000 r-xp 00000000 08:08 528777                     /lib/x86_64-linux-gnu/librt-2.23.so
7f4be3dfc000-7f4be3ffb000 ---p 00007000 08:08 528777                     /lib/x86_64-linux-gnu/librt-2.23.so
7f4be3ffb000-7f4be3ffc000 r--p 00006000 08:08 528777                     /lib/x86_64-linux-gnu/librt-2.23.so
7f4be3ffc000-7f4be3ffd000 rw-p 00007000 08:08 528777                     /lib/x86_64-linux-gnu/librt-2.23.so
7f4be4000000-7f4be4371000 rw-p 00000000 00:00 0 
7f4be4371000-7f4be8000000 ---p 00000000 00:00 0 
7f4be8007000-7f4be8008000 r--s 00002000 08:08 1326684                    /usr/lib/jvm/java-7-openjdk-amd64/jre/lib/ext/dnsns.jar
7f4be8008000-7f4be8079000 rw-p 00000000 00:00 0 
7f4be8079000-7f4be807a000 ---p 00000000 00:00 0 
7f4be807a000-7f4be8185000 rw-p 00000000 00:00 0 
7f4be8185000-7f4be81cd000 rw-p 00000000 00:00 0 
7f4be81cd000-7f4be81e3000 r-xp 00000000 08:08 528661                     /lib/x86_64-linux-gnu/libgcc_s.so.1
7f4be81e3000-7f4be83e2000 ---p 00016000 08:08 528661                     /lib/x86_64-linux-gnu/libgcc_s.so.1
7f4be83e2000-7f4be83e3000 rw-p 00015000 08:08 528661                     /lib/x86_64-linux-gnu/libgcc_s.so.1
7f4be83e5000-7f4be84ed000 r-xp 00000000 08:08 528693                     /lib/x86_64-linux-gnu/libm-2.23.so
7f4be84ed000-7f4be86ec000 ---p 00108000 08:08 528693                     /lib/x86_64-linux-gnu/libm-2.23.so
7f4be86ec000-7f4be86ed000 r--p 00107000 08:08 528693                     /lib/x86_64-linux-gnu/libm-2.23.so
7f4be86ed000-7f4be86ee000 rw-p 00108000 08:08 528693                     /lib/x86_64-linux-gnu/libm-2.23.so
7f4be86f5000-7f4be8867000 r-xp 00000000 08:08 1313257                    /usr/lib/x86_64-linux-gnu/libstdc++.so.6.0.21
7f4be8867000-7f4be8a67000 ---p 00172000 08:08 1313257                    /usr/lib/x86_64-linux-gnu/libstdc++.so.6.0.21
7f4be8a67000-7f4be8a71000 r--p 00172000 08:08 1313257                    /usr/lib/x86_64-linux-gnu/libstdc++.so.6.0.21
7f4be8a71000-7f4be8a73000 rw-p 0017c000 08:08 1313257                    /usr/lib/x86_64-linux-gnu/libstdc++.so.6.0.21
7f4be8a73000-7f4be8a77000 rw-p 00000000 00:00 0 
7f4be8a7d000-7f4be95cd000 r-xp 00000000 08:08 1326636                    /usr/lib/jvm/java-7-openjdk-amd64/jre/lib/amd64/server/libjvm.so
7f4be95cd000-7f4be97cc000 ---p 00b50000 08:08 1326636                    /usr/lib/jvm/java-7-openjdk-amd64/jre/lib/amd64/server/libjvm.so
7f4be97cc000-7f4be985d000 r--p 00b4f000 08:08 1326636                    /usr/lib/jvm/java-7-openjdk-amd64/jre/lib/amd64/server/libjvm.so
7f4be985d000-7f4be9880000 rw-p 00be0000 08:08 1326636                    /usr/lib/jvm/java-7-openjdk-amd64/jre/lib/amd64/server/libjvm.so
7f4be9880000-7f4be98ab000 rw-p 00000000 00:00 0 
7f4be98ad000-7f4be98c6000 r-xp 00000000 08:08 528814                     /lib/x86_64-linux-gnu/libz.so.1.2.8
7f4be98c6000-7f4be9ac5000 ---p 00019000 08:08 528814                     /lib/x86_64-linux-gnu/libz.so.1.2.8
7f4be9ac5000-7f4be9ac6000 r--p 00018000 08:08 528814                     /lib/x86_64-linux-gnu/libz.so.1.2.8
7f4be9ac6000-7f4be9ac7000 rw-p 00019000 08:08 528814                     /lib/x86_64-linux-gnu/libz.so.1.2.8
7f4be9acd000-7f4be9ae5000 r-xp 00000000 08:08 528769                     /lib/x86_64-linux-gnu/libpthread-2.23.so
7f4be9ae5000-7f4be9ce4000 ---p 00018000 08:08 528769                     /lib/x86_64-linux-gnu/libpthread-2.23.so
7f4be9ce4000-7f4be9ce5000 r--p 00017000 08:08 528769                     /lib/x86_64-linux-gnu/libpthread-2.23.so
7f4be9ce5000-7f4be9ce6000 rw-p 00018000 08:08 528769                     /lib/x86_64-linux-gnu/libpthread-2.23.so
7f4be9ce6000-7f4be9cea000 rw-p 00000000 00:00 0 
7f4be9ced000-7f4be9cf0000 r-xp 00000000 08:08 528647                     /lib/x86_64-linux-gnu/libdl-2.23.so
7f4be9cf0000-7f4be9eef000 ---p 00003000 08:08 528647                     /lib/x86_64-linux-gnu/libdl-2.23.so
7f4be9eef000-7f4be9ef0000 r--p 00002000 08:08 528647                     /lib/x86_64-linux-gnu/libdl-2.23.so
7f4be9ef0000-7f4be9ef1000 rw-p 00003000 08:08 528647                     /lib/x86_64-linux-gnu/libdl-2.23.so
7f4be9ef5000-7f4bea0b5000 r-xp 00000000 08:08 528623                     /lib/x86_64-linux-gnu/libc-2.23.so
7f4bea0b5000-7f4bea2b4000 ---p 001c0000 08:08 528623                     /lib/x86_64-linux-gnu/libc-2.23.so
7f4bea2b4000-7f4bea2b8000 r--p 001bf000 08:08 528623                     /lib/x86_64-linux-gnu/libc-2.23.so
7f4bea2b8000-7f4bea2ba000 rw-p 001c3000 08:08 528623                     /lib/x86_64-linux-gnu/libc-2.23.so
7f4bea2ba000-7f4bea2be000 rw-p 00000000 00:00 0 
7f4bea2c5000-7f4bea2d2000 r-xp 00000000 08:08 1326653                    /usr/lib/jvm/java-7-openjdk-amd64/jre/lib/amd64/jli/libjli.so
7f4bea2d2000-7f4bea4d1000 ---p 0000d000 08:08 1326653                    /usr/lib/jvm/java-7-openjdk-amd64/jre/lib/amd64/jli/libjli.so
7f4bea4d1000-7f4bea4d2000 r--p 0000c000 08:08 1326653                    /usr/lib/jvm/java-7-openjdk-amd64/jre/lib/amd64/jli/libjli.so
7f4bea4d2000-7f4bea4d3000 rw-p 0000d000 08:08 1326653                    /usr/lib/jvm/java-7-openjdk-amd64/jre/lib/amd64/jli/libjli.so
7f4bea4d5000-7f4bea4fb000 r-xp 00000000 08:08 528595                     /lib/x86_64-linux-gnu/ld-2.23.so
7f4bea500000-7f4bea52f000 rw-p 00000000 00:00 0 
7f4bea52f000-7f4bea5e5000 rw-p 00000000 00:00 0 
7f4bea5e5000-7f4bea5ed000 rw-s 00000000 08:08 681040                     /tmp/hsperfdata_blue/32458
7f4bea5f4000-7f4bea5f5000 rw-p 00000000 00:00 0 
7f4bea5f5000-7f4bea5f6000 r--p 00000000 00:00 0 
7f4bea5f6000-7f4bea5f9000 ---p 00000000 00:00 0 
7f4bea5f9000-7f4bea6fa000 rw-p 00000000 00:00 0 
7f4bea6fa000-7f4bea6fb000 r--p 00025000 08:08 528595                     /lib/x86_64-linux-gnu/ld-2.23.so
7f4bea6fb000-7f4bea6fc000 rw-p 00026000 08:08 528595                     /lib/x86_64-linux-gnu/ld-2.23.so
7f4bea6fc000-7f4bea6fe000 rw-p 00000000 00:00 0 
7f4bea6fe000-7f4bea701000 rw-p 00000000 00:00 0 
7fffa37f0000-7fffa3811000 rw-p 00000000 00:00 0                          [stack]
7fffa381d000-7fffa381f000 r--p 00000000 00:00 0                          [vvar]
7fffa381f000-7fffa3821000 r-xp 00000000 00:00 0                          [vdso]
ffffffffff600000-ffffffffff601000 r-xp 00000000 00:00 0                  [vsyscall]

VM Arguments:
jvm_args: -Didea.launcher.port=7532 -Didea.launcher.bin.path=/opt/idea-IC-145.972.3/bin -Dfile.encoding=UTF-8 
java_command: com.intellij.rt.execution.application.AppMain Start
Launcher Type: SUN_STANDARD

Environment Variables:
PATH=/usr/local/sbin:/usr/local/bin:/usr/sbin:/usr/bin:/sbin:/bin:/usr/games:/usr/local/games:/snap/bin
LD_LIBRARY_PATH=/opt/idea-IC-145.972.3/bin:
SHELL=/bin/bash
DISPLAY=:0

Signal Handlers:
SIGSEGV: [libjvm.so+0x994310], sa_mask[0]=0x7ffbfeff, sa_flags=0x10000004
SIGBUS: [libjvm.so+0x994310], sa_mask[0]=0x7ffbfeff, sa_flags=0x10000004
SIGFPE: [libjvm.so+0x7fb870], sa_mask[0]=0x7ffbfeff, sa_flags=0x10000004
SIGPIPE: [libjvm.so+0x7fb870], sa_mask[0]=0x7ffbfeff, sa_flags=0x10000004
SIGXFSZ: [libjvm.so+0x7fb870], sa_mask[0]=0x7ffbfeff, sa_flags=0x10000004
SIGILL: [libjvm.so+0x7fb870], sa_mask[0]=0x7ffbfeff, sa_flags=0x10000004
SIGUSR1: SIG_DFL, sa_mask[0]=0x00000000, sa_flags=0x00000000
SIGUSR2: [libjvm.so+0x7fb6f0], sa_mask[0]=0x00000004, sa_flags=0x10000004
SIGHUP: [libjvm.so+0x7fb880], sa_mask[0]=0x7ffbfeff, sa_flags=0x10000004
SIGINT: [libjvm.so+0x7fb880], sa_mask[0]=0x7ffbfeff, sa_flags=0x10000004
SIGTERM: [libjvm.so+0x7fb880], sa_mask[0]=0x7ffbfeff, sa_flags=0x10000004
SIGQUIT: [libjvm.so+0x7fb880], sa_mask[0]=0x7ffbfeff, sa_flags=0x10000004
SIGTRAP: SIG_DFL, sa_mask[0]=0x00000000, sa_flags=0x00000000


---------------  S Y S T E M  ---------------

OS:Ubuntu 16.04 (xenial)
uname:Linux 4.4.0-21-generic #37-Ubuntu SMP Mon Apr 18 18:33:37 UTC 2016 x86_64
libc:glibc 2.23 NPTL 2.23 
rlimit: STACK 8192k, CORE 0k, NPROC 27438, NOFILE 65536, AS infinity
load average:0.80 0.92 1.65

/proc/meminfo:
MemTotal:        7072452 kB
MemFree:         4587796 kB
MemAvailable:    6252964 kB
Buffers:          121972 kB
Cached:          1414300 kB
SwapCached:         2148 kB
Active:          1217356 kB
Inactive:         877132 kB
Active(anon):     397036 kB
Inactive(anon):   167468 kB
Active(file):     820320 kB
Inactive(file):   709664 kB
Unevictable:          32 kB
Mlocked:              32 kB
SwapTotal:       3905532 kB
SwapFree:        3896100 kB
Dirty:                 0 kB
Writeback:             0 kB
AnonPages:        463384 kB
Mapped:           174952 kB
Shmem:              5776 kB
Slab:             216952 kB
SReclaimable:     174736 kB
SUnreclaim:        42216 kB
KernelStack:        8848 kB
PageTables:        14676 kB
NFS_Unstable:          0 kB
Bounce:                0 kB
WritebackTmp:          0 kB
CommitLimit:     7441756 kB
Committed_AS:    2404572 kB
VmallocTotal:   34359738367 kB
VmallocUsed:           0 kB
VmallocChunk:          0 kB
HardwareCorrupted:     0 kB
AnonHugePages:    602112 kB
CmaTotal:              0 kB
CmaFree:               0 kB
HugePages_Total:       0
HugePages_Free:        0
HugePages_Rsvd:        0
HugePages_Surp:        0
Hugepagesize:       2048 kB
DirectMap4k:      340992 kB
DirectMap2M:     6928384 kB
DirectMap1G:           0 kB


CPU:total 4 (4 cores per cpu, 1 threads per core) family 21 model 48 stepping 1, cmov, cx8, fxsr, mmx, sse, sse2, sse3, ssse3, sse4.1, sse4.2, popcnt, avx, aes, mmxext, 3dnowpref, lzcnt, sse4a, tsc, tscinvbit, tscinv

/proc/cpuinfo:
processor	: 0
vendor_id	: AuthenticAMD
cpu family	: 21
model		: 48
model name	: AMD A10-7300 Radeon R6, 10 Compute Cores 4C+6G
stepping	: 1
microcode	: 0x6003106
cpu MHz		: 1900.000
cache size	: 2048 KB
physical id	: 0
siblings	: 4
core id		: 0
cpu cores	: 4
apicid		: 16
initial apicid	: 0
fpu		: yes
fpu_exception	: yes
cpuid level	: 13
wp		: yes
flags		: fpu vme de pse tsc msr pae mce cx8 apic sep mtrr pge mca cmov pat pse36 clflush mmx fxsr sse sse2 ht syscall nx mmxext fxsr_opt pdpe1gb rdtscp lm constant_tsc rep_good nopl nonstop_tsc extd_apicid aperfmperf eagerfpu pni pclmulqdq monitor ssse3 fma cx16 sse4_1 sse4_2 popcnt aes xsave avx f16c lahf_lm cmp_legacy svm extapic cr8_legacy abm sse4a misalignsse 3dnowprefetch osvw ibs xop skinit wdt lwp fma4 tce nodeid_msr tbm perfctr_core perfctr_nb bpext cpb hw_pstate vmmcall fsgsbase bmi1 xsaveopt arat npt lbrv svm_lock nrip_save tsc_scale vmcb_clean flushbyasid decodeassists pausefilter pfthreshold
bugs		: fxsave_leak sysret_ss_attrs
bogomips	: 3792.92
TLB size	: 1536 4K pages
clflush size	: 64
cache_alignment	: 64
address sizes	: 48 bits physical, 48 bits virtual
power management: ts ttp tm 100mhzsteps hwpstate cpb eff_freq_ro [13]

processor	: 1
vendor_id	: AuthenticAMD
cpu family	: 21
model		: 48
model name	: AMD A10-7300 Radeon R6, 10 Compute Cores 4C+6G
stepping	: 1
microcode	: 0x6003106
cpu MHz		: 1900.000
cache size	: 2048 KB
physical id	: 0
siblings	: 4
core id		: 1
cpu cores	: 4
apicid		: 17
initial apicid	: 1
fpu		: yes
fpu_exception	: yes
cpuid level	: 13
wp		: yes
flags		: fpu vme de pse tsc msr pae mce cx8 apic sep mtrr pge mca cmov pat pse36 clflush mmx fxsr sse sse2 ht syscall nx mmxext fxsr_opt pdpe1gb rdtscp lm constant_tsc rep_good nopl nonstop_tsc extd_apicid aperfmperf eagerfpu pni pclmulqdq monitor ssse3 fma cx16 sse4_1 sse4_2 popcnt aes xsave avx f16c lahf_lm cmp_legacy svm extapic cr8_legacy abm sse4a misalignsse 3dnowprefetch osvw ibs xop skinit wdt lwp fma4 tce nodeid_msr tbm perfctr_core perfctr_nb bpext cpb hw_pstate vmmcall fsgsbase bmi1 xsaveopt arat npt lbrv svm_lock nrip_save tsc_scale vmcb_clean flushbyasid decodeassists pausefilter pfthreshold
bugs		: fxsave_leak sysret_ss_attrs
bogomips	: 3792.92
TLB size	: 1536 4K pages
clflush size	: 64
cache_alignment	: 64
address sizes	: 48 bits physical, 48 bits virtual
power management: ts ttp tm 100mhzsteps hwpstate cpb eff_freq_ro [13]

processor	: 2
vendor_id	: AuthenticAMD
cpu family	: 21
model		: 48
model name	: AMD A10-7300 Radeon R6, 10 Compute Cores 4C+6G
stepping	: 1
microcode	: 0x6003106
cpu MHz		: 1900.000
cache size	: 2048 KB
physical id	: 0
siblings	: 4
core id		: 2
cpu cores	: 4
apicid		: 18
initial apicid	: 2
fpu		: yes
fpu_exception	: yes
cpuid level	: 13
wp		: yes
flags		: fpu vme de pse tsc msr pae mce cx8 apic sep mtrr pge mca cmov pat pse36 clflush mmx fxsr sse sse2 ht syscall nx mmxext fxsr_opt pdpe1gb rdtscp lm constant_tsc rep_good nopl nonstop_tsc extd_apicid aperfmperf eagerfpu pni pclmulqdq monitor ssse3 fma cx16 sse4_1 sse4_2 popcnt aes xsave avx f16c lahf_lm cmp_legacy svm extapic cr8_legacy abm sse4a misalignsse 3dnowprefetch osvw ibs xop skinit wdt lwp fma4 tce nodeid_msr tbm perfctr_core perfctr_nb bpext cpb hw_pstate vmmcall fsgsbase bmi1 xsaveopt arat npt lbrv svm_lock nrip_save tsc_scale vmcb_clean flushbyasid decodeassists pausefilter pfthreshold
bugs		: fxsave_leak sysret_ss_attrs
bogomips	: 3792.92
TLB size	: 1536 4K pages
clflush size	: 64
cache_alignment	: 64
address sizes	: 48 bits physical, 48 bits virtual
power management: ts ttp tm 100mhzsteps hwpstate cpb eff_freq_ro [13]

processor	: 3
vendor_id	: AuthenticAMD
cpu family	: 21
model		: 48
model name	: AMD A10-7300 Radeon R6, 10 Compute Cores 4C+6G
stepping	: 1
microcode	: 0x6003106
cpu MHz		: 1900.000
cache size	: 2048 KB
physical id	: 0
siblings	: 4
core id		: 3
cpu cores	: 4
apicid		: 19
initial apicid	: 3
fpu		: yes
fpu_exception	: yes
cpuid level	: 13
wp		: yes
flags		: fpu vme de pse tsc msr pae mce cx8 apic sep mtrr pge mca cmov pat pse36 clflush mmx fxsr sse sse2 ht syscall nx mmxext fxsr_opt pdpe1gb rdtscp lm constant_tsc rep_good nopl nonstop_tsc extd_apicid aperfmperf eagerfpu pni pclmulqdq monitor ssse3 fma cx16 sse4_1 sse4_2 popcnt aes xsave avx f16c lahf_lm cmp_legacy svm extapic cr8_legacy abm sse4a misalignsse 3dnowprefetch osvw ibs xop skinit wdt lwp fma4 tce nodeid_msr tbm perfctr_core perfctr_nb bpext cpb hw_pstate vmmcall fsgsbase bmi1 xsaveopt arat npt lbrv svm_lock nrip_save tsc_scale vmcb_clean flushbyasid decodeassists pausefilter pfthreshold
bugs		: fxsave_leak sysret_ss_attrs
bogomips	: 3792.92
TLB size	: 1536 4K pages
clflush size	: 64
cache_alignment	: 64
address sizes	: 48 bits physical, 48 bits virtual
power management: ts ttp tm 100mhzsteps hwpstate cpb eff_freq_ro [13]



Memory: 4k page, physical 7072452k(4650376k free), swap 3905532k(3896488k free)

vm_info: OpenJDK 64-Bit Server VM (24.95-b01) for linux-amd64 JRE (1.7.0_95-b00), built on Mar 27 2016 12:52:52 by "buildd" with gcc 5.3.1 20160323

time: Thu Jun  2 20:55:08 2016
elapsed time: 16597 seconds

